Determining if the pthread_create exist failed with the following output:
Change Dir: /home/saad/bolos-devenv/ledger-cosmos/CMakeFiles/CMakeTmp

Run Build Command:"/usr/bin/make" "cmTC_c6bcf/fast"
/usr/bin/make -f CMakeFiles/cmTC_c6bcf.dir/build.make CMakeFiles/cmTC_c6bcf.dir/build
make[1]: Entering directory '/home/saad/bolos-devenv/ledger-cosmos/CMakeFiles/CMakeTmp'
Building C object CMakeFiles/cmTC_c6bcf.dir/CheckSymbolExists.c.o
/usr/bin/cc     -o CMakeFiles/cmTC_c6bcf.dir/CheckSymbolExists.c.o   -c /home/saad/bolos-devenv/ledger-cosmos/CMakeFiles/CMakeTmp/CheckSymbolExists.c
Linking C executable cmTC_c6bcf
/usr/bin/cmake -E cmake_link_script CMakeFiles/cmTC_c6bcf.dir/link.txt --verbose=1
/usr/bin/cc       CMakeFiles/cmTC_c6bcf.dir/CheckSymbolExists.c.o  -o cmTC_c6bcf -rdynamic 
CMakeFiles/cmTC_c6bcf.dir/CheckSymbolExists.c.o: In function `main':
CheckSymbolExists.c:(.text+0x16): undefined reference to `pthread_create'
collect2: error: ld returned 1 exit status
CMakeFiles/cmTC_c6bcf.dir/build.make:97: recipe for target 'cmTC_c6bcf' failed
make[1]: *** [cmTC_c6bcf] Error 1
make[1]: Leaving directory '/home/saad/bolos-devenv/ledger-cosmos/CMakeFiles/CMakeTmp'
Makefile:126: recipe for target 'cmTC_c6bcf/fast' failed
make: *** [cmTC_c6bcf/fast] Error 2

File /home/saad/bolos-devenv/ledger-cosmos/CMakeFiles/CMakeTmp/CheckSymbolExists.c:
/* */
#include <pthread.h>

int main(int argc, char** argv)
{
  (void)argv;
#ifndef pthread_create
  return ((int*)(&pthread_create))[argc];
#else
  (void)argc;
  return 0;
#endif
}

Determining if the function pthread_create exists in the pthreads failed with the following output:
Change Dir: /home/saad/bolos-devenv/ledger-cosmos/CMakeFiles/CMakeTmp

Run Build Command:"/usr/bin/make" "cmTC_1ef06/fast"
/usr/bin/make -f CMakeFiles/cmTC_1ef06.dir/build.make CMakeFiles/cmTC_1ef06.dir/build
make[1]: Entering directory '/home/saad/bolos-devenv/ledger-cosmos/CMakeFiles/CMakeTmp'
Building C object CMakeFiles/cmTC_1ef06.dir/CheckFunctionExists.c.o
/usr/bin/cc    -DCHECK_FUNCTION_EXISTS=pthread_create   -o CMakeFiles/cmTC_1ef06.dir/CheckFunctionExists.c.o   -c /usr/share/cmake-3.5/Modules/CheckFunctionExists.c
Linking C executable cmTC_1ef06
/usr/bin/cmake -E cmake_link_script CMakeFiles/cmTC_1ef06.dir/link.txt --verbose=1
/usr/bin/cc   -DCHECK_FUNCTION_EXISTS=pthread_create    CMakeFiles/cmTC_1ef06.dir/CheckFunctionExists.c.o  -o cmTC_1ef06 -rdynamic -lpthreads 
/usr/bin/ld: cannot find -lpthreads
collect2: error: ld returned 1 exit status
CMakeFiles/cmTC_1ef06.dir/build.make:97: recipe for target 'cmTC_1ef06' failed
make[1]: *** [cmTC_1ef06] Error 1
make[1]: Leaving directory '/home/saad/bolos-devenv/ledger-cosmos/CMakeFiles/CMakeTmp'
Makefile:126: recipe for target 'cmTC_1ef06/fast' failed
make: *** [cmTC_1ef06/fast] Error 2


